2026-02-03 18:39:15 - INFO - Started logger:0 (PID 6745)
2026-02-03 18:39:15 - INFO - Started worker:0 (PID 6747)
2026-02-03 18:39:15 - INFO - Started worker:1 (PID 6751)
2026-02-03 18:39:15 - INFO - Started worker:2 (PID 6755)
2026-02-03 18:39:15 - INFO - Started ping_monitor:0 (PID 6759)
2026-02-03 18:39:17 - INFO - Program 'logger:0' successfully started
2026-02-03 18:39:17 - INFO - Program 'ping_monitor:0' successfully started
2026-02-03 18:39:18 - INFO - Program 'worker:0' successfully started
2026-02-03 18:39:18 - INFO - Program 'worker:1' successfully started
2026-02-03 18:39:18 - INFO - Program 'worker:2' successfully started
2026-02-03 18:39:26 - INFO - Started http_server:0 (PID 6900)
2026-02-03 18:39:28 - INFO - Program 'http_server:0' successfully started
2026-02-03 18:39:33 - INFO - Stopped logger:0 gracefully
2026-02-03 18:39:38 - WARNING - Force killed worker:0
2026-02-03 18:39:38 - INFO - Program 'worker:0' exited with code -9
2026-02-03 18:39:43 - INFO - Program 'worker:0' exited with code -9
2026-02-03 18:39:44 - WARNING - Force killed worker:1
2026-02-03 18:39:44 - INFO - Stopped ping_monitor:0 gracefully
2026-02-03 18:39:44 - INFO - Stopped http_server:0 gracefully
2026-02-03 19:42:37 - INFO - Started logger:0 (PID 6521)
2026-02-03 19:42:37 - INFO - Started worker:0 (PID 6523)
2026-02-03 19:42:37 - INFO - Started worker:1 (PID 6527)
2026-02-03 19:42:37 - INFO - Started worker:2 (PID 6532)
2026-02-03 19:42:37 - INFO - Started ping_monitor:0 (PID 6535)
2026-02-03 19:42:39 - INFO - Program 'logger:0' successfully started
2026-02-03 19:42:39 - INFO - Program 'ping_monitor:0' successfully started
2026-02-03 19:42:40 - INFO - Program 'worker:0' successfully started
2026-02-03 19:42:40 - INFO - Program 'worker:1' successfully started
2026-02-03 19:42:40 - INFO - Program 'worker:2' successfully started
2026-02-03 19:43:07 - INFO - Started http_server:0 (PID 6868)
2026-02-03 19:43:09 - INFO - Program 'http_server:0' successfully started
2026-02-03 19:43:21 - INFO - Stopped http_server:0 gracefully
2026-02-03 19:44:01 - INFO - Stopped logger:0 gracefully
2026-02-03 19:44:06 - INFO - Program 'worker:0' exited with code -9
2026-02-03 19:44:06 - WARNING - Force killed worker:0
2026-02-03 19:44:12 - WARNING - Force killed worker:1
2026-02-03 19:44:12 - INFO - Stopped ping_monitor:0 gracefully
2026-02-03 19:54:45 - INFO - Started logger:0 (PID 8516)
2026-02-03 19:54:45 - INFO - Started worker:0 (PID 8518)
2026-02-03 19:54:45 - INFO - Started worker:1 (PID 8522)
2026-02-03 19:54:45 - INFO - Started worker:2 (PID 8526)
2026-02-03 19:54:45 - INFO - Started ping_monitor:0 (PID 8530)
2026-02-03 19:54:45 - INFO - Stopped logger:0 gracefully
2026-02-03 19:54:47 - INFO - Program 'ping_monitor:0' successfully started
2026-02-03 19:54:48 - INFO - Program 'worker:0' successfully started
2026-02-03 19:54:48 - INFO - Program 'worker:1' successfully started
2026-02-03 19:54:48 - INFO - Program 'worker:2' successfully started
2026-02-03 19:54:51 - WARNING - Force killed worker:0
2026-02-03 19:54:51 - INFO - Program 'worker:0' exited with code -9
2026-02-03 19:54:56 - INFO - Program 'worker:0' exited with code -9
2026-02-03 19:55:01 - INFO - Program 'worker:0' exited with code -9
2026-02-03 19:55:01 - WARNING - Force killed worker:1
2026-02-03 19:55:04 - INFO - Started logger:0 (PID 8771)
2026-02-03 19:55:04 - INFO - Started worker:0 (PID 8773)
2026-02-03 19:55:04 - INFO - Started worker:1 (PID 8777)
2026-02-03 19:55:04 - INFO - Started worker:2 (PID 8781)
2026-02-03 19:55:04 - INFO - Started ping_monitor:0 (PID 8785)
2026-02-03 19:55:06 - INFO - Program 'logger:0' successfully started
2026-02-03 19:55:06 - INFO - Program 'ping_monitor:0' successfully started
2026-02-03 19:55:07 - INFO - Program 'worker:0' successfully started
2026-02-03 19:55:07 - INFO - Program 'worker:1' successfully started
2026-02-03 19:55:07 - INFO - Program 'worker:2' successfully started
2026-02-03 19:55:25 - INFO - Stopped logger:0 gracefully
2026-02-03 19:55:31 - WARNING - Force killed worker:0
2026-02-03 19:55:31 - INFO - Program 'worker:0' exited with code -9
2026-02-03 19:55:36 - INFO - Program 'worker:0' exited with code -9
2026-02-03 19:55:36 - WARNING - Force killed worker:1
2026-02-03 19:55:36 - INFO - Stopped ping_monitor:0 gracefully
