Counter started at Sat Jan 31 08:58:44 PM +01 2026
Counting to 10
Count: 1
Count: 2
Count: 3
Count: 4
Count: 5
Count: 6
Count: 7
Count: 8
Count: 9
Count: 10
Counter finished at Sat Jan 31 08:58:54 PM +01 2026
Counter started at Sat Jan 31 09:01:56 PM +01 2026
Counting to 10
Count: 1
Counter started at Sun Feb  1 05:25:38 PM +01 2026
Counting to 10
Count: 1
Count: 2
Count: 3
Count: 4
Count: 5
Count: 6
Count: 7
Count: 8
Count: 9
Count: 10
Counter finished at Sun Feb  1 05:25:48 PM +01 2026
Counter started at Sun Feb  1 05:31:53 PM +01 2026
Counting to 10
Count: 1
Count: 2
Count: 3
Count: 4
Count: 5
Count: 6
Count: 7
Count: 8
Count: 9
Count: 10
Counter finished at Sun Feb  1 05:32:03 PM +01 2026
Counter started at Sun Feb  1 05:32:30 PM +01 2026
Counting to 10
Count: 1
Count: 2
Count: 3
Count: 4
Count: 5
Count: 6
Count: 7
Count: 8
Count: 9
Count: 10
Counter finished at Sun Feb  1 05:32:40 PM +01 2026
Counter started at Sun Feb  1 05:36:17 PM +01 2026
Counting to 10
Count: 1
Count: 2
Count: 3
Count: 4
Count: 5
Count: 6
Count: 7
Count: 8
Count: 9
Count: 10
Counter finished at Sun Feb  1 05:36:27 PM +01 2026
Counter started at Sun Feb  1 05:36:27 PM +01 2026
Counting to 10
Count: 1
Count: 2
Count: 3
Count: 4
Count: 5
Count: 6
Count: 7
Count: 8
Count: 9
Count: 10
Counter finished at Sun Feb  1 05:36:37 PM +01 2026
Counter started at Sun Feb  1 06:03:21 PM +01 2026
Counting to 10
Count: 1
Count: 2
Count: 3
Count: 4
Count: 5
Count: 6
Count: 7
Count: 8
Count: 9
Count: 10
Counter finished at Sun Feb  1 06:03:31 PM +01 2026
Counter started at Sun Feb  1 06:04:23 PM +01 2026
Counting to 10
Count: 1
Count: 2
Count: 3
Count: 4
Count: 5
Count: 6
Count: 7
Count: 8
Count: 9
Count: 10
Counter finished at Sun Feb  1 06:04:33 PM +01 2026
Counter started at Sun Feb  1 06:04:36 PM +01 2026
Counting to 10
Count: 1
Count: 2
Count: 3
Count: 4
Count: 5
Count: 6
Count: 7
Count: 8
Count: 9
Count: 10
Counter finished at Sun Feb  1 06:04:46 PM +01 2026
Counter started at Sun Feb  1 06:04:46 PM +01 2026
Counting to 10
Count: 1
Count: 2
Count: 3
Count: 4
Count: 5
Count: 6
Count: 7
Count: 8
Count: 9
Count: 10
Counter finished at Sun Feb  1 06:04:56 PM +01 2026
Counter started at Sun Feb  1 06:05:16 PM +01 2026
Counting to 10
Count: 1
Count: 2
Count: 3
Count: 4
Count: 5
Count: 6
Count: 7
Count: 8
Count: 9
Count: 10
Counter finished at Sun Feb  1 06:05:26 PM +01 2026
